:: loading settings :: url = jar:file:/usr/apps/vmas/spark-3.2.0-bin-hadoop3.2/jars/ivy-2.5.0.jar!/org/apache/ivy/core/settings/ivysettings.xml
+--------+---+------+-----------+-----+
| date_td|cnt|   enb|     gridid|  pct|
+--------+---+------+-----------+-----+
|20240109|  1|  7372|04QEJ979603|100.0|
|20240109|  1|  7258|04QEJ987578|100.0|
|20240109|  1|  7400|04QFJ122593| 50.0|
|20240109|  1|  7159|04QFJ006667|100.0|
|20240109|  2|  7188|04QDK400227|100.0|
|20240109|  1|  7186|04QFJ010790|100.0|
|20240109|  1|  7085|04QDK580558|100.0|
|20240109|  1|  7407|04QFJ011704|100.0|
|20240109|  1|  7085|04QDK603554|100.0|
|20240109|  1|  7258|04QFJ014595|100.0|
|20240109|  1|  7157|04QDK657386|100.0|
|20240109|  1|  7182|04QFJ021712|100.0|
|20240109|  1|  7123|04QDK683432|100.0|
|20240109|  1|  7376|04QFJ030721|100.0|
|20240109|  1|  7211|04QEJ923873|100.0|
|20240109|  1|  7376|04QFJ031730|100.0|
|20240109|  2|  7073|04QEJ941629|66.67|
|20240109|  1|  7111|04QFJ041693|100.0|
|20240109|  1|  7257|04QEJ954613|100.0|
|20240109|  1|307057|04QFJ042579|100.0|
+--------+---+------+-----------+-----+
only showing top 20 rows

+--------+---+------+---------+-----+
| date_td|cnt|   enb|   gridid|  pct|
+--------+---+------+---------+-----+
|20240109|  3|  7209|04QFJ0279|100.0|
|20240109|  5|  7059|04QDK2728|100.0|
|20240109| 23|  7093|04QGJ4015|74.19|
|20240109|  1|  7405|04QFJ1566|100.0|
|20240109|  1|  7121|04QDK5256|100.0|
|20240109|  2|  7033|04QFJ1872|66.67|
|20240109|  4|  7123|04QDK6443|100.0|
|20240109| 38|  7005|04QFJ2357|90.48|
|20240109|  5|  7255|04QEJ8666|71.43|
|20240109|  1|307139|04QFJ2465| 50.0|
|20240109|  1|  7255|04QEJ9072|100.0|
|20240109| 16|  7360|04QFJ2969|72.73|
|20240109|  1|  7480|04QFJ0097| 50.0|
|20240109|  1|  7250|04QFJ3366|100.0|
|20240109|  1|  7188|04QDK4220|100.0|
|20240109|  2|  7435|04QGH7896|66.67|
|20240109|  1|  7173|04QDK6642| 50.0|
|20240109|  4|  7172|04QGH7898| 40.0|
|20240109|  9|  7064|04QEJ9966| 90.0|
|20240109|  3|  7198|04QGJ4010|100.0|
+--------+---+------+---------+-----+
only showing top 20 rows

+--------+---+------+-------+-----+
| date_td|cnt|   enb| gridid|  pct|
+--------+---+------+-------+-----+
|20240109|  1|  8434|05VNG74| 50.0|
|20240109|  1| 30609|10SDH98|100.0|
|20240109|  3|  8442|05VNG80| 75.0|
|20240109| 16|307147|04QEJ99|21.92|
|20240109|  9|  8440|05VNG81|39.13|
|20240109|  1|  7215|04QFJ93|100.0|
|20240109|  2|  8413|05VPH01| 40.0|
|20240109| 32|  7129|04QHG17|48.48|
|20240109|  2|  8227|05VPJ55| 50.0|
|20240109|  1|  7261|05QKC44|100.0|
|20240109|  1|  8238|05VPK31|100.0|
|20240109|  1|  7287|05QKB47|100.0|
|20240109|  2|  8235|05VPK50|100.0|
|20240109|  2|  7144|05QKB53|100.0|
|20240109|  1|  8237|05VPK51|100.0|
|20240109| 43|307104|05QKC00|30.71|
|20240109|  2|  8400|06VUN56|100.0|
|20240109| 36|  7261|05QKC42|83.72|
|20240109| 20|  8209|06VUP62|32.26|
|20240109|  1|  8236|06VUQ51|100.0|
+--------+---+------+-------+-----+
only showing top 20 rows

